Base path: 'C:/Program Files/Unity/Hub/Editor/2019.2.7f2/Editor/Data', plugins path 'C:/Program Files/Unity/Hub/Editor/2019.2.7f2/Editor/Data/PlaybackEngines'
Cmd: initializeCompiler
Cmd: compileSnippet
  api=4 type=1 insize=1302 outsize=218 kw=UNITY_PASS_SHADOWCASTER SHADOWS_DEPTH pd=UNITY_ENABLE_REFLECTION_BUFFERS UNITY_USE_DITHER_MASK_FOR_ALPHABLENDED_SHADOWS UNITY_PBS_USE_BRDF1 UNITY_SPECCUBE_BOX_PROJECTION UNITY_SPECCUBE_BLENDING UNITY_ENABLE_DETAIL_NORMALMAP SHADER_API_DESKTOP UNITY_COLORSPACE_GAMMA UNITY_LIGHT_PROBE_PROXY_VOLUME UNITY_LIGHTMAP_FULL_HDR ok=1
Cmd: compileSnippet
  api=4 type=0 insize=17531 outsize=1714 kw=UNITY_PASS_FORWARDBASE DIRECTIONAL SHADOWS_SCREEN LIGHTPROBE_SH pd=UNITY_ENABLE_REFLECTION_BUFFERS UNITY_USE_DITHER_MASK_FOR_ALPHABLENDED_SHADOWS UNITY_PBS_USE_BRDF1 UNITY_SPECCUBE_BOX_PROJECTION UNITY_SPECCUBE_BLENDING UNITY_ENABLE_DETAIL_NORMALMAP SHADER_API_DESKTOP UNITY_COLORSPACE_GAMMA UNITY_LIGHT_PROBE_PROXY_VOLUME UNITY_LIGHTMAP_FULL_HDR ok=1
Cmd: compileSnippet
  api=4 type=1 insize=1152 outsize=638 kw=UNITY_PASS_SHADOWCASTER SHADOWS_DEPTH PROCEDURAL_INSTANCING_ON _ALPHABLEND_ON pd=UNITY_ENABLE_REFLECTION_BUFFERS UNITY_USE_DITHER_MASK_FOR_ALPHABLENDED_SHADOWS UNITY_PBS_USE_BRDF1 UNITY_SPECCUBE_BOX_PROJECTION UNITY_SPECCUBE_BLENDING UNITY_ENABLE_DETAIL_NORMALMAP SHADER_API_DESKTOP UNITY_COLORSPACE_GAMMA UNITY_LIGHT_PROBE_PROXY_VOLUME UNITY_LIGHTMAP_FULL_HDR ok=1
Cmd: compileComputeKernel
  api=4 insize=12733 outsize=1564 ok=1
Cmd: compileComputeKernel
  api=4 insize=12733 outsize=2934 ok=1
Cmd: compileComputeKernel
  api=4 insize=65748 outsize=7425 ok=1
Cmd: compileComputeKernel
  api=4 insize=4631 outsize=2271 ok=1
Cmd: compileComputeKernel
  api=4 insize=24259 outsize=10633 ok=1
Cmd: compileComputeKernel
  api=4 insize=28420 outsize=2895 ok=1
Cmd: compileComputeKernel
  api=4 insize=28420 outsize=1306 ok=1
Cmd: compileComputeKernel
  api=4 insize=28420 outsize=1349 ok=1
Cmd: compileComputeKernel
  api=4 insize=28420 outsize=1831 ok=1
Cmd: compileComputeKernel
  api=4 insize=28420 outsize=1327 ok=1
Cmd: compileComputeKernel
  api=4 insize=21203 outsize=706 ok=1
Cmd: compileComputeKernel
  api=4 insize=21203 outsize=850 ok=1
Cmd: compileComputeKernel
  api=4 insize=21203 outsize=791 ok=1
Cmd: compileComputeKernel
  api=4 insize=21203 outsize=1283 ok=1
Cmd: compileComputeKernel
  api=4 insize=21203 outsize=1291 ok=1
Cmd: compileComputeKernel
  api=4 insize=21203 outsize=1387 ok=1
Cmd: compileComputeKernel
  api=4 insize=21203 outsize=1296 ok=1
Cmd: compileComputeKernel
  api=4 insize=21203 outsize=1616 ok=1
