Base path: 'C:/Program Files/Unity/Hub/Editor/2019.2.7f2/Editor/Data', plugins path 'C:/Program Files/Unity/Hub/Editor/2019.2.7f2/Editor/Data/PlaybackEngines'
Cmd: initializeCompiler
Cmd: compileSnippet
  api=4 type=1 insize=1396 outsize=446 kw=UNITY_PASS_FORWARDBASE SOFTPARTICLES_ON _ALPHABLEND_ON pd=UNITY_ENABLE_REFLECTION_BUFFERS UNITY_USE_DITHER_MASK_FOR_ALPHABLENDED_SHADOWS UNITY_PBS_USE_BRDF1 UNITY_SPECCUBE_BOX_PROJECTION UNITY_SPECCUBE_BLENDING UNITY_ENABLE_DETAIL_NORMALMAP SHADER_API_DESKTOP UNITY_COLORSPACE_GAMMA UNITY_LIGHT_PROBE_PROXY_VOLUME UNITY_LIGHTMAP_FULL_HDR ok=1
Cmd: compileComputeKernel
  api=4 insize=12733 outsize=1535 ok=1
Cmd: compileComputeKernel
  api=4 insize=12733 outsize=1416 ok=1
Cmd: compileComputeKernel
  api=4 insize=4631 outsize=1831 ok=1
Cmd: compileComputeKernel
  api=4 insize=24259 outsize=6172 ok=1
Cmd: compileComputeKernel
  api=4 insize=28420 outsize=2690 ok=1
Cmd: compileComputeKernel
  api=4 insize=28420 outsize=1449 ok=1
Cmd: compileComputeKernel
  api=4 insize=28420 outsize=1296 ok=1
Cmd: compileComputeKernel
  api=4 insize=28420 outsize=1831 ok=1
Cmd: compileComputeKernel
  api=4 insize=28420 outsize=1379 ok=1
Cmd: compileComputeKernel
  api=4 insize=21203 outsize=944 ok=1
Cmd: compileComputeKernel
  api=4 insize=21203 outsize=863 ok=1
Cmd: compileComputeKernel
  api=4 insize=21203 outsize=696 ok=1
Cmd: compileComputeKernel
  api=4 insize=21203 outsize=1286 ok=1
Cmd: compileComputeKernel
  api=4 insize=21203 outsize=1354 ok=1
Cmd: compileComputeKernel
  api=4 insize=21203 outsize=1427 ok=1
Cmd: compileComputeKernel
  api=4 insize=21203 outsize=1273 ok=1
