Base path: 'C:/Program Files/Unity/Hub/Editor/2019.2.7f2/Editor/Data', plugins path 'C:/Program Files/Unity/Hub/Editor/2019.2.7f2/Editor/Data/PlaybackEngines'
Cmd: initializeCompiler
Cmd: compileSnippet
  api=4 type=1 insize=1596 outsize=7190 kw=UNITY_PASS_FORWARDBASE DIRECTIONAL SHADOWS_SCREEN LIGHTPROBE_SH pd=UNITY_ENABLE_REFLECTION_BUFFERS UNITY_USE_DITHER_MASK_FOR_ALPHABLENDED_SHADOWS UNITY_PBS_USE_BRDF1 UNITY_SPECCUBE_BOX_PROJECTION UNITY_SPECCUBE_BLENDING UNITY_ENABLE_DETAIL_NORMALMAP SHADER_API_DESKTOP UNITY_COLORSPACE_GAMMA UNITY_LIGHT_PROBE_PROXY_VOLUME UNITY_LIGHTMAP_FULL_HDR ok=1
Cmd: compileSnippet
  api=4 type=0 insize=1152 outsize=2770 kw=UNITY_PASS_SHADOWCASTER SHADOWS_DEPTH PROCEDURAL_INSTANCING_ON _ALPHABLEND_ON pd=UNITY_ENABLE_REFLECTION_BUFFERS UNITY_USE_DITHER_MASK_FOR_ALPHABLENDED_SHADOWS UNITY_PBS_USE_BRDF1 UNITY_SPECCUBE_BOX_PROJECTION UNITY_SPECCUBE_BLENDING UNITY_ENABLE_DETAIL_NORMALMAP SHADER_API_DESKTOP UNITY_COLORSPACE_GAMMA UNITY_LIGHT_PROBE_PROXY_VOLUME UNITY_LIGHTMAP_FULL_HDR ok=1
Cmd: compileSnippet
  api=4 type=1 insize=143247 outsize=3842 kw=UNITY_PASS_FORWARDBASE DIRECTIONAL SHADOWS_SCREEN LIGHTPROBE_SH INSTANCING_ON pd=UNITY_ENABLE_REFLECTION_BUFFERS UNITY_USE_DITHER_MASK_FOR_ALPHABLENDED_SHADOWS UNITY_PBS_USE_BRDF1 UNITY_SPECCUBE_BOX_PROJECTION UNITY_SPECCUBE_BLENDING UNITY_ENABLE_DETAIL_NORMALMAP SHADER_API_DESKTOP UNITY_COLORSPACE_GAMMA UNITY_LIGHT_PROBE_PROXY_VOLUME UNITY_LIGHTMAP_FULL_HDR ok=1
Cmd: compileComputeKernel
  api=4 insize=12733 outsize=1103 ok=1
Cmd: compileComputeKernel
  api=4 insize=12733 outsize=1789 ok=1
Cmd: compileComputeKernel
  api=4 insize=65748 outsize=4621 ok=1
Cmd: compileComputeKernel
  api=4 insize=4631 outsize=1831 ok=1
Cmd: compileComputeKernel
  api=4 insize=24259 outsize=12128 ok=1
Cmd: compileComputeKernel
  api=4 insize=28420 outsize=1674 ok=1
Cmd: compileComputeKernel
  api=4 insize=28420 outsize=1320 ok=1
Cmd: compileComputeKernel
  api=4 insize=28420 outsize=1354 ok=1
Cmd: compileComputeKernel
  api=4 insize=28420 outsize=1450 ok=1
Cmd: compileComputeKernel
  api=4 insize=28420 outsize=2271 ok=1
Cmd: compileComputeKernel
  api=4 insize=21203 outsize=754 ok=1
Cmd: compileComputeKernel
  api=4 insize=21203 outsize=744 ok=1
Cmd: compileComputeKernel
  api=4 insize=21203 outsize=1162 ok=1
Cmd: compileComputeKernel
  api=4 insize=21203 outsize=1243 ok=1
Cmd: compileComputeKernel
  api=4 insize=21203 outsize=1368 ok=1
Cmd: compileComputeKernel
  api=4 insize=21203 outsize=1296 ok=1
Cmd: compileComputeKernel
  api=4 insize=21203 outsize=1739 ok=1
