Base path: 'C:/Program Files/Unity/Hub/Editor/2019.2.7f2/Editor/Data', plugins path 'C:/Program Files/Unity/Hub/Editor/2019.2.7f2/Editor/Data/PlaybackEngines'
Cmd: initializeCompiler
Cmd: compileSnippet
  api=4 type=0 insize=1302 outsize=1414 kw=UNITY_PASS_SHADOWCASTER SHADOWS_DEPTH pd=UNITY_ENABLE_REFLECTION_BUFFERS UNITY_USE_DITHER_MASK_FOR_ALPHABLENDED_SHADOWS UNITY_PBS_USE_BRDF1 UNITY_SPECCUBE_BOX_PROJECTION UNITY_SPECCUBE_BLENDING UNITY_ENABLE_DETAIL_NORMALMAP SHADER_API_DESKTOP UNITY_COLORSPACE_GAMMA UNITY_LIGHT_PROBE_PROXY_VOLUME UNITY_LIGHTMAP_FULL_HDR ok=1
Cmd: compileSnippet
  api=4 type=1 insize=11846 outsize=5706 kw=SHADOWS_SPLIT_SPHERES pd=UNITY_ENABLE_REFLECTION_BUFFERS UNITY_USE_DITHER_MASK_FOR_ALPHABLENDED_SHADOWS UNITY_PBS_USE_BRDF1 UNITY_SPECCUBE_BOX_PROJECTION UNITY_SPECCUBE_BLENDING UNITY_ENABLE_DETAIL_NORMALMAP SHADER_API_DESKTOP UNITY_COLORSPACE_GAMMA UNITY_LIGHT_PROBE_PROXY_VOLUME UNITY_LIGHTMAP_FULL_HDR ok=1
Cmd: compileSnippet
  api=4 type=4 insize=5525 outsize=1586 kw= pd=UNITY_ENABLE_REFLECTION_BUFFERS UNITY_USE_DITHER_MASK_FOR_ALPHABLENDED_SHADOWS UNITY_PBS_USE_BRDF1 UNITY_SPECCUBE_BOX_PROJECTION UNITY_SPECCUBE_BLENDING UNITY_ENABLE_DETAIL_NORMALMAP SHADER_API_DESKTOP UNITY_COLORSPACE_GAMMA UNITY_LIGHT_PROBE_PROXY_VOLUME UNITY_LIGHTMAP_FULL_HDR ok=1
Cmd: compileComputeKernel
  api=4 insize=12733 outsize=1004 ok=1
Cmd: compileComputeKernel
  api=4 insize=65748 outsize=5347 ok=1
Cmd: compileComputeKernel
  api=4 insize=4631 outsize=1831 ok=1
Cmd: compileComputeKernel
  api=4 insize=24259 outsize=3252 ok=1
Cmd: compileComputeKernel
  api=4 insize=28420 outsize=1564 ok=1
Cmd: compileComputeKernel
  api=4 insize=28420 outsize=2973 ok=1
Cmd: compileComputeKernel
  api=4 insize=28420 outsize=1831 ok=1
Cmd: compileComputeKernel
  api=4 insize=28420 outsize=1326 ok=1
Cmd: compileComputeKernel
  api=4 insize=21203 outsize=849 ok=1
Cmd: compileComputeKernel
  api=4 insize=21203 outsize=839 ok=1
Cmd: compileComputeKernel
  api=4 insize=21203 outsize=1257 ok=1
Cmd: compileComputeKernel
  api=4 insize=21203 outsize=1331 ok=1
Cmd: compileComputeKernel
  api=4 insize=21203 outsize=1344 ok=1
Cmd: compileComputeKernel
  api=4 insize=21203 outsize=1273 ok=1
