Determining if the pthread_create exist failed with the following output:
Change Dir: /home/bigz/feup-robo/assignment_2/build/CMakeFiles/CMakeTmp

Run Build Command:"/usr/bin/make" "cmTC_be1ad/fast"
/usr/bin/make -f CMakeFiles/cmTC_be1ad.dir/build.make CMakeFiles/cmTC_be1ad.dir/build
make[1]: Entering directory '/home/bigz/feup-robo/assignment_2/build/CMakeFiles/CMakeTmp'
Building C object CMakeFiles/cmTC_be1ad.dir/CheckSymbolExists.c.o
/usr/bin/cc     -o CMakeFiles/cmTC_be1ad.dir/CheckSymbolExists.c.o   -c /home/bigz/feup-robo/assignment_2/build/CMakeFiles/CMakeTmp/CheckSymbolExists.c
Linking C executable cmTC_be1ad
/usr/bin/cmake -E cmake_link_script CMakeFiles/cmTC_be1ad.dir/link.txt --verbose=1
/usr/bin/cc       CMakeFiles/cmTC_be1ad.dir/CheckSymbolExists.c.o  -o cmTC_be1ad -rdynamic 
CMakeFiles/cmTC_be1ad.dir/CheckSymbolExists.c.o: In function `main':
CheckSymbolExists.c:(.text+0x16): undefined reference to `pthread_create'
collect2: error: ld returned 1 exit status
CMakeFiles/cmTC_be1ad.dir/build.make:97: recipe for target 'cmTC_be1ad' failed
make[1]: *** [cmTC_be1ad] Error 1
make[1]: Leaving directory '/home/bigz/feup-robo/assignment_2/build/CMakeFiles/CMakeTmp'
Makefile:126: recipe for target 'cmTC_be1ad/fast' failed
make: *** [cmTC_be1ad/fast] Error 2

File /home/bigz/feup-robo/assignment_2/build/CMakeFiles/CMakeTmp/CheckSymbolExists.c:
/* */
#include <pthread.h>

int main(int argc, char** argv)
{
  (void)argv;
#ifndef pthread_create
  return ((int*)(&pthread_create))[argc];
#else
  (void)argc;
  return 0;
#endif
}

Determining if the function pthread_create exists in the pthreads failed with the following output:
Change Dir: /home/bigz/feup-robo/assignment_2/build/CMakeFiles/CMakeTmp

Run Build Command:"/usr/bin/make" "cmTC_54b4f/fast"
/usr/bin/make -f CMakeFiles/cmTC_54b4f.dir/build.make CMakeFiles/cmTC_54b4f.dir/build
make[1]: Entering directory '/home/bigz/feup-robo/assignment_2/build/CMakeFiles/CMakeTmp'
Building C object CMakeFiles/cmTC_54b4f.dir/CheckFunctionExists.c.o
/usr/bin/cc    -DCHECK_FUNCTION_EXISTS=pthread_create   -o CMakeFiles/cmTC_54b4f.dir/CheckFunctionExists.c.o   -c /usr/share/cmake-3.5/Modules/CheckFunctionExists.c
Linking C executable cmTC_54b4f
/usr/bin/cmake -E cmake_link_script CMakeFiles/cmTC_54b4f.dir/link.txt --verbose=1
/usr/bin/cc   -DCHECK_FUNCTION_EXISTS=pthread_create    CMakeFiles/cmTC_54b4f.dir/CheckFunctionExists.c.o  -o cmTC_54b4f -rdynamic -lpthreads 
/usr/bin/ld: cannot find -lpthreads
collect2: error: ld returned 1 exit status
CMakeFiles/cmTC_54b4f.dir/build.make:97: recipe for target 'cmTC_54b4f' failed
make[1]: *** [cmTC_54b4f] Error 1
make[1]: Leaving directory '/home/bigz/feup-robo/assignment_2/build/CMakeFiles/CMakeTmp'
Makefile:126: recipe for target 'cmTC_54b4f/fast' failed
make: *** [cmTC_54b4f/fast] Error 2


